#
# There is insufficient memory for the Java Runtime Environment to continue.
# Native memory allocation (malloc) failed to allocate 647136 bytes. Error detail: Chunk::new
# Possible reasons:
#   The system is out of physical RAM or swap space
#   This process is running with CompressedOops enabled, and the Java Heap may be blocking the growth of the native heap
# Possible solutions:
#   Reduce memory load on the system
#   Increase physical memory or swap space
#   Check if swap backing store is full
#   Decrease Java heap size (-Xmx/-Xms)
#   Decrease number of Java threads
#   Decrease Java thread stack sizes (-Xss)
#   Set larger code cache with -XX:ReservedCodeCacheSize=
#   JVM is running with Zero Based Compressed Oops mode in which the Java heap is
#     placed in the first 32GB address space. The Java Heap base address is the
#     maximum limit for the native heap growth. Please use -XX:HeapBaseMinAddress
#     to set the Java Heap base and to place the Java Heap above 32GB virtual address.
# This output file may be truncated or incomplete.
#
#  Out of Memory Error (arena.cpp:191), pid=25268, tid=22432
#
# JRE version: OpenJDK Runtime Environment Microsoft-11369865 (17.0.15+6) (build 17.0.15+6-LTS)
# Java VM: OpenJDK 64-Bit Server VM Microsoft-11369865 (17.0.15+6-LTS, mixed mode, sharing, tiered, compressed oops, compressed class ptrs, g1 gc, windows-amd64)
# No core dump will be written. Minidumps are not enabled by default on client versions of Windows
#

---------------  S U M M A R Y ------------

Command Line: -Dmaven.multiModuleProjectDirectory=C:\Users\ryanm\Desktop\Reveste\api-rest -Djansi.passthrough=true -Dmaven.home=C:\Users\ryanm\.m2\wrapper\dists\apache-maven-3.9.7-bin\3k9n615lchs6mp84v355m633uo\apache-maven-3.9.7 -Dclassworlds.conf=C:\Users\ryanm\.m2\wrapper\dists\apache-maven-3.9.7-bin\3k9n615lchs6mp84v355m633uo\apache-maven-3.9.7\bin\m2.conf -Dmaven.ext.class.path=C:\Users\ryanm\AppData\Local\Programs\IntelliJ IDEA Community Edition\plugins\maven\lib\maven-event-listener.jar -javaagent:C:\Users\ryanm\AppData\Local\Programs\IntelliJ IDEA Community Edition\lib\idea_rt.jar=54524 -Dfile.encoding=UTF-8 org.codehaus.classworlds.Launcher -Didea.version=2025.1 package

Host: 12th Gen Intel(R) Core(TM) i5-1235U, 12 cores, 15G,  Windows 11 , 64 bit Build 26100 (10.0.26100.3912)
Time: Mon Jun  9 01:14:36 2025 Hora oficial do Brasil elapsed time: 31.909509 seconds (0d 0h 0m 31s)

---------------  T H R E A D  ---------------

Current thread (0x000001fcd40ab370):  JavaThread "C2 CompilerThread0" daemon [_thread_in_native, id=22432, stack(0x000000401f700000,0x000000401f800000)]


Current CompileTask:
C2:  31909 4631       4       org.apache.maven.model.inheritance.DefaultInheritanceAssembler$InheritanceModelMerger::mergePluginContainer_Plugins (433 bytes)

Stack: [0x000000401f700000,0x000000401f800000]
Native frames: (J=compiled Java code, j=interpreted, Vv=VM code, C=native code)
V  [jvm.dll+0x6887a9]
V  [jvm.dll+0x83f5a8]
V  [jvm.dll+0x841053]
V  [jvm.dll+0x8416c3]
V  [jvm.dll+0x2496ef]
V  [jvm.dll+0xad134]
V  [jvm.dll+0xad7cc]
V  [jvm.dll+0x2b0e1f]
V  [jvm.dll+0x58e789]
V  [jvm.dll+0x223972]
V  [jvm.dll+0x21c105]
V  [jvm.dll+0x219c3b]
V  [jvm.dll+0x1a55f6]
V  [jvm.dll+0x22a39a]
V  [jvm.dll+0x2284db]
V  [jvm.dll+0x7f4e28]
V  [jvm.dll+0x7ef2dc]
V  [jvm.dll+0x687687]
C  [ucrtbase.dll+0x37b0]
C  [KERNEL32.DLL+0x2e8d7]
C  [ntdll.dll+0x9c5dc]


---------------  P R O C E S S  ---------------

Threads class SMR info:
_java_thread_list=0x000001fd1a7adb70, length=14, elements={
0x000001fcb0df4ab0, 0x000001fcd40902c0, 0x000001fcd4090a90, 0x000001fcd40a3830,
0x000001fcd40a5e10, 0x000001fcd40a63e0, 0x000001fcd40aa9c0, 0x000001fcd40ab370,
0x000001fcd40afa40, 0x000001fcd40b0050, 0x000001fcd41d0b30, 0x000001fcd4245ad0,
0x000001fcd4245fb0, 0x000001fd1a81bb20
}

Java Threads: ( => current thread )
  0x000001fcb0df4ab0 JavaThread "main" [_thread_in_native, id=29516, stack(0x000000401ea00000,0x000000401eb00000)]
  0x000001fcd40902c0 JavaThread "Reference Handler" daemon [_thread_blocked, id=8108, stack(0x000000401f100000,0x000000401f200000)]
  0x000001fcd4090a90 JavaThread "Finalizer" daemon [_thread_blocked, id=18440, stack(0x000000401f200000,0x000000401f300000)]
  0x000001fcd40a3830 JavaThread "Signal Dispatcher" daemon [_thread_blocked, id=20200, stack(0x000000401f300000,0x000000401f400000)]
  0x000001fcd40a5e10 JavaThread "Attach Listener" daemon [_thread_blocked, id=28020, stack(0x000000401f400000,0x000000401f500000)]
  0x000001fcd40a63e0 JavaThread "Service Thread" daemon [_thread_blocked, id=7740, stack(0x000000401f500000,0x000000401f600000)]
  0x000001fcd40aa9c0 JavaThread "Monitor Deflation Thread" daemon [_thread_blocked, id=21120, stack(0x000000401f600000,0x000000401f700000)]
=>0x000001fcd40ab370 JavaThread "C2 CompilerThread0" daemon [_thread_in_native, id=22432, stack(0x000000401f700000,0x000000401f800000)]
  0x000001fcd40afa40 JavaThread "C1 CompilerThread0" daemon [_thread_blocked, id=29520, stack(0x000000401f800000,0x000000401f900000)]
  0x000001fcd40b0050 JavaThread "Sweeper thread" daemon [_thread_blocked, id=23308, stack(0x000000401f900000,0x000000401fa00000)]
  0x000001fcd41d0b30 JavaThread "Common-Cleaner" daemon [_thread_blocked, id=11620, stack(0x000000401fa00000,0x000000401fb00000)]
  0x000001fcd4245ad0 JavaThread "Monitor Ctrl-Break" daemon [_thread_in_native, id=20852, stack(0x000000401fb00000,0x000000401fc00000)]
  0x000001fcd4245fb0 JavaThread "Notification Thread" daemon [_thread_blocked, id=19724, stack(0x000000401fc00000,0x000000401fd00000)]
  0x000001fd1a81bb20 JavaThread "Thread-1" daemon [_thread_blocked, id=28328, stack(0x0000004020900000,0x0000004020a00000)]

Other Threads:
  0x000001fcd4089c60 VMThread "VM Thread" [stack: 0x000000401f000000,0x000000401f100000] [id=19344]
  0x000001fcd42d7980 WatcherThread [stack: 0x000000401fd00000,0x000000401fe00000] [id=24116]
  0x000001fcb0e63250 GCTaskThread "GC Thread#0" [stack: 0x000000401eb00000,0x000000401ec00000] [id=17296]
  0x000001fcd43d7b50 GCTaskThread "GC Thread#1" [stack: 0x0000004020000000,0x0000004020100000] [id=22924]
  0x000001fcd4b3abd0 GCTaskThread "GC Thread#2" [stack: 0x0000004020100000,0x0000004020200000] [id=13552]
  0x000001fd1a377820 GCTaskThread "GC Thread#3" [stack: 0x0000004020200000,0x0000004020300000] [id=12876]
  0x000001fd1a5f4190 GCTaskThread "GC Thread#4" [stack: 0x0000004020300000,0x0000004020400000] [id=20124]
  0x000001fd1a0dbfb0 GCTaskThread "GC Thread#5" [stack: 0x0000004020400000,0x0000004020500000] [id=18880]
  0x000001fcd4acea70 GCTaskThread "GC Thread#6" [stack: 0x0000004020500000,0x0000004020600000] [id=20920]
  0x000001fcd4ace230 GCTaskThread "GC Thread#7" [stack: 0x0000004020600000,0x0000004020700000] [id=2188]
  0x000001fcd4ace7b0 GCTaskThread "GC Thread#8" [stack: 0x0000004020700000,0x0000004020800000] [id=21260]
  0x000001fcd4acdcb0 GCTaskThread "GC Thread#9" [stack: 0x0000004020800000,0x0000004020900000] [id=2448]
  0x000001fcb0e73cb0 ConcurrentGCThread "G1 Main Marker" [stack: 0x000000401ec00000,0x000000401ed00000] [id=20572]
  0x000001fcb0e753a0 ConcurrentGCThread "G1 Conc#0" [stack: 0x000000401ed00000,0x000000401ee00000] [id=26732]
  0x000001fcb0eae870 ConcurrentGCThread "G1 Refine#0" [stack: 0x000000401ee00000,0x000000401ef00000] [id=20960]
  0x000001fcd3f44930 ConcurrentGCThread "G1 Service" [stack: 0x000000401ef00000,0x000000401f000000] [id=23248]

Threads with active compile tasks:
C2 CompilerThread0    31952 4631       4       org.apache.maven.model.inheritance.DefaultInheritanceAssembler$InheritanceModelMerger::mergePluginContainer_Plugins (433 bytes)

VM state: not at safepoint (normal execution)

VM Mutex/Monitor currently owned by a thread: None

Heap address: 0x0000000704e00000, size: 4018 MB, Compressed Oops mode: Zero based, Oop shift amount: 3

CDS archive(s) mapped at: [0x000001fcd5000000-0x000001fcd5bb0000-0x000001fcd5bb0000), size 12255232, SharedBaseAddress: 0x000001fcd5000000, ArchiveRelocationMode: 1.
Compressed class space mapped at: 0x000001fcd6000000-0x000001fd16000000, reserved size: 1073741824
Narrow klass base: 0x000001fcd5000000, Narrow klass shift: 0, Narrow klass range: 0x100000000

GC Precious Log:
 CPUs: 12 total, 12 available
 Memory: 16068M
 Large Page Support: Disabled
 NUMA Support: Disabled
 Compressed Oops: Enabled (Zero based)
 Heap Region Size: 2M
 Heap Min Capacity: 8M
 Heap Initial Capacity: 252M
 Heap Max Capacity: 4018M
 Pre-touch: Disabled
 Parallel Workers: 10
 Concurrent Workers: 3
 Concurrent Refinement Workers: 10
 Periodic GC: Disabled

Heap:
 garbage-first heap   total 258048K, used 25447K [0x0000000704e00000, 0x0000000800000000)
  region size 2048K, 12 young (24576K), 8 survivors (16384K)
 Metaspace       used 16889K, committed 17152K, reserved 1114112K
  class space    used 1911K, committed 2048K, reserved 1048576K

Heap Regions: E=young(eden), S=young(survivor), O=old, HS=humongous(starts), HC=humongous(continues), CS=collection set, F=free, OA=open archive, CA=closed archive, TAMS=top-at-mark-start (previous, next)
|   0|0x0000000704e00000, 0x0000000705000000, 0x0000000705000000|100%| O|  |TAMS 0x0000000704e00000, 0x0000000704e00000| Untracked 
|   1|0x0000000705000000, 0x00000007051bd200, 0x0000000705200000| 86%| O|  |TAMS 0x0000000705000000, 0x0000000705000000| Untracked 
|   2|0x0000000705200000, 0x0000000705200000, 0x0000000705400000|  0%| F|  |TAMS 0x0000000705200000, 0x0000000705200000| Untracked 
|   3|0x0000000705400000, 0x0000000705400000, 0x0000000705600000|  0%| F|  |TAMS 0x0000000705400000, 0x0000000705400000| Untracked 
|   4|0x0000000705600000, 0x0000000705600000, 0x0000000705800000|  0%| F|  |TAMS 0x0000000705600000, 0x0000000705600000| Untracked 
|   5|0x0000000705800000, 0x0000000705800000, 0x0000000705a00000|  0%| F|  |TAMS 0x0000000705800000, 0x0000000705800000| Untracked 
|   6|0x0000000705a00000, 0x0000000705a00000, 0x0000000705c00000|  0%| F|  |TAMS 0x0000000705a00000, 0x0000000705a00000| Untracked 
|   7|0x0000000705c00000, 0x0000000705c00000, 0x0000000705e00000|  0%| F|  |TAMS 0x0000000705c00000, 0x0000000705c00000| Untracked 
|   8|0x0000000705e00000, 0x0000000705e00000, 0x0000000706000000|  0%| F|  |TAMS 0x0000000705e00000, 0x0000000705e00000| Untracked 
|   9|0x0000000706000000, 0x0000000706000000, 0x0000000706200000|  0%| F|  |TAMS 0x0000000706000000, 0x0000000706000000| Untracked 
|  10|0x0000000706200000, 0x0000000706200000, 0x0000000706400000|  0%| F|  |TAMS 0x0000000706200000, 0x0000000706200000| Untracked 
|  11|0x0000000706400000, 0x0000000706400000, 0x0000000706600000|  0%| F|  |TAMS 0x0000000706400000, 0x0000000706400000| Untracked 
|  12|0x0000000706600000, 0x0000000706600000, 0x0000000706800000|  0%| F|  |TAMS 0x0000000706600000, 0x0000000706600000| Untracked 
|  13|0x0000000706800000, 0x0000000706800000, 0x0000000706a00000|  0%| F|  |TAMS 0x0000000706800000, 0x0000000706800000| Untracked 
|  14|0x0000000706a00000, 0x0000000706a00000, 0x0000000706c00000|  0%| F|  |TAMS 0x0000000706a00000, 0x0000000706a00000| Untracked 
|  15|0x0000000706c00000, 0x0000000706c00000, 0x0000000706e00000|  0%| F|  |TAMS 0x0000000706c00000, 0x0000000706c00000| Untracked 
|  16|0x0000000706e00000, 0x0000000706e00000, 0x0000000707000000|  0%| F|  |TAMS 0x0000000706e00000, 0x0000000706e00000| Untracked 
|  17|0x0000000707000000, 0x0000000707000000, 0x0000000707200000|  0%| F|  |TAMS 0x0000000707000000, 0x0000000707000000| Untracked 
|  18|0x0000000707200000, 0x0000000707200000, 0x0000000707400000|  0%| F|  |TAMS 0x0000000707200000, 0x0000000707200000| Untracked 
|  19|0x0000000707400000, 0x0000000707400000, 0x0000000707600000|  0%| F|  |TAMS 0x0000000707400000, 0x0000000707400000| Untracked 
|  20|0x0000000707600000, 0x0000000707600000, 0x0000000707800000|  0%| F|  |TAMS 0x0000000707600000, 0x0000000707600000| Untracked 
|  21|0x0000000707800000, 0x0000000707800000, 0x0000000707a00000|  0%| F|  |TAMS 0x0000000707800000, 0x0000000707800000| Untracked 
|  22|0x0000000707a00000, 0x0000000707a00000, 0x0000000707c00000|  0%| F|  |TAMS 0x0000000707a00000, 0x0000000707a00000| Untracked 
|  23|0x0000000707c00000, 0x0000000707c00000, 0x0000000707e00000|  0%| F|  |TAMS 0x0000000707c00000, 0x0000000707c00000| Untracked 
|  24|0x0000000707e00000, 0x0000000707e00000, 0x0000000708000000|  0%| F|  |TAMS 0x0000000707e00000, 0x0000000707e00000| Untracked 
|  25|0x0000000708000000, 0x0000000708000000, 0x0000000708200000|  0%| F|  |TAMS 0x0000000708000000, 0x0000000708000000| Untracked 
|  26|0x0000000708200000, 0x0000000708200000, 0x0000000708400000|  0%| F|  |TAMS 0x0000000708200000, 0x0000000708200000| Untracked 
|  27|0x0000000708400000, 0x0000000708400000, 0x0000000708600000|  0%| F|  |TAMS 0x0000000708400000, 0x0000000708400000| Untracked 
|  28|0x0000000708600000, 0x0000000708600000, 0x0000000708800000|  0%| F|  |TAMS 0x0000000708600000, 0x0000000708600000| Untracked 
|  29|0x0000000708800000, 0x0000000708800000, 0x0000000708a00000|  0%| F|  |TAMS 0x0000000708800000, 0x0000000708800000| Untracked 
|  30|0x0000000708a00000, 0x0000000708a00000, 0x0000000708c00000|  0%| F|  |TAMS 0x0000000708a00000, 0x0000000708a00000| Untracked 
|  31|0x0000000708c00000, 0x0000000708c00000, 0x0000000708e00000|  0%| F|  |TAMS 0x0000000708c00000, 0x0000000708c00000| Untracked 
|  32|0x0000000708e00000, 0x0000000708e00000, 0x0000000709000000|  0%| F|  |TAMS 0x0000000708e00000, 0x0000000708e00000| Untracked 
|  33|0x0000000709000000, 0x0000000709000000, 0x0000000709200000|  0%| F|  |TAMS 0x0000000709000000, 0x0000000709000000| Untracked 
|  34|0x0000000709200000, 0x0000000709200000, 0x0000000709400000|  0%| F|  |TAMS 0x0000000709200000, 0x0000000709200000| Untracked 
|  35|0x0000000709400000, 0x0000000709400000, 0x0000000709600000|  0%| F|  |TAMS 0x0000000709400000, 0x0000000709400000| Untracked 
|  36|0x0000000709600000, 0x0000000709600000, 0x0000000709800000|  0%| F|  |TAMS 0x0000000709600000, 0x0000000709600000| Untracked 
|  37|0x0000000709800000, 0x0000000709800000, 0x0000000709a00000|  0%| F|  |TAMS 0x0000000709800000, 0x0000000709800000| Untracked 
|  38|0x0000000709a00000, 0x0000000709a00000, 0x0000000709c00000|  0%| F|  |TAMS 0x0000000709a00000, 0x0000000709a00000| Untracked 
|  39|0x0000000709c00000, 0x0000000709c00000, 0x0000000709e00000|  0%| F|  |TAMS 0x0000000709c00000, 0x0000000709c00000| Untracked 
|  40|0x0000000709e00000, 0x0000000709e00000, 0x000000070a000000|  0%| F|  |TAMS 0x0000000709e00000, 0x0000000709e00000| Untracked 
|  41|0x000000070a000000, 0x000000070a000000, 0x000000070a200000|  0%| F|  |TAMS 0x000000070a000000, 0x000000070a000000| Untracked 
|  42|0x000000070a200000, 0x000000070a200000, 0x000000070a400000|  0%| F|  |TAMS 0x000000070a200000, 0x000000070a200000| Untracked 
|  43|0x000000070a400000, 0x000000070a51cc58, 0x000000070a600000| 55%| S|CS|TAMS 0x000000070a400000, 0x000000070a400000| Complete 
|  44|0x000000070a600000, 0x000000070a800000, 0x000000070a800000|100%| S|CS|TAMS 0x000000070a600000, 0x000000070a600000| Complete 
|  45|0x000000070a800000, 0x000000070aa00000, 0x000000070aa00000|100%| S|CS|TAMS 0x000000070a800000, 0x000000070a800000| Complete 
|  46|0x000000070aa00000, 0x000000070ac00000, 0x000000070ac00000|100%| S|CS|TAMS 0x000000070aa00000, 0x000000070aa00000| Complete 
|  47|0x000000070ac00000, 0x000000070ae00000, 0x000000070ae00000|100%| S|CS|TAMS 0x000000070ac00000, 0x000000070ac00000| Complete 
|  48|0x000000070ae00000, 0x000000070b000000, 0x000000070b000000|100%| S|CS|TAMS 0x000000070ae00000, 0x000000070ae00000| Complete 
|  49|0x000000070b000000, 0x000000070b200000, 0x000000070b200000|100%| S|CS|TAMS 0x000000070b000000, 0x000000070b000000| Complete 
|  50|0x000000070b200000, 0x000000070b400000, 0x000000070b400000|100%| S|CS|TAMS 0x000000070b200000, 0x000000070b200000| Complete 
|  51|0x000000070b400000, 0x000000070b400000, 0x000000070b600000|  0%| F|  |TAMS 0x000000070b400000, 0x000000070b400000| Untracked 
|  52|0x000000070b600000, 0x000000070b600000, 0x000000070b800000|  0%| F|  |TAMS 0x000000070b600000, 0x000000070b600000| Untracked 
|  53|0x000000070b800000, 0x000000070b800000, 0x000000070ba00000|  0%| F|  |TAMS 0x000000070b800000, 0x000000070b800000| Untracked 
|  54|0x000000070ba00000, 0x000000070ba00000, 0x000000070bc00000|  0%| F|  |TAMS 0x000000070ba00000, 0x000000070ba00000| Untracked 
|  55|0x000000070bc00000, 0x000000070bc00000, 0x000000070be00000|  0%| F|  |TAMS 0x000000070bc00000, 0x000000070bc00000| Untracked 
|  56|0x000000070be00000, 0x000000070be00000, 0x000000070c000000|  0%| F|  |TAMS 0x000000070be00000, 0x000000070be00000| Untracked 
|  57|0x000000070c000000, 0x000000070c000000, 0x000000070c200000|  0%| F|  |TAMS 0x000000070c000000, 0x000000070c000000| Untracked 
|  58|0x000000070c200000, 0x000000070c200000, 0x000000070c400000|  0%| F|  |TAMS 0x000000070c200000, 0x000000070c200000| Untracked 
|  59|0x000000070c400000, 0x000000070c400000, 0x000000070c600000|  0%| F|  |TAMS 0x000000070c400000, 0x000000070c400000| Untracked 
|  60|0x000000070c600000, 0x000000070c600000, 0x000000070c800000|  0%| F|  |TAMS 0x000000070c600000, 0x000000070c600000| Untracked 
|  61|0x000000070c800000, 0x000000070c800000, 0x000000070ca00000|  0%| F|  |TAMS 0x000000070c800000, 0x000000070c800000| Untracked 
|  62|0x000000070ca00000, 0x000000070ca00000, 0x000000070cc00000|  0%| F|  |TAMS 0x000000070ca00000, 0x000000070ca00000| Untracked 
|  63|0x000000070cc00000, 0x000000070cc00000, 0x000000070ce00000|  0%| F|  |TAMS 0x000000070cc00000, 0x000000070cc00000| Untracked 
|  64|0x000000070ce00000, 0x000000070ce00000, 0x000000070d000000|  0%| F|  |TAMS 0x000000070ce00000, 0x000000070ce00000| Untracked 
|  65|0x000000070d000000, 0x000000070d000000, 0x000000070d200000|  0%| F|  |TAMS 0x000000070d000000, 0x000000070d000000| Untracked 
|  66|0x000000070d200000, 0x000000070d200000, 0x000000070d400000|  0%| F|  |TAMS 0x000000070d200000, 0x000000070d200000| Untracked 
|  67|0x000000070d400000, 0x000000070d400000, 0x000000070d600000|  0%| F|  |TAMS 0x000000070d400000, 0x000000070d400000| Untracked 
|  68|0x000000070d600000, 0x000000070d600000, 0x000000070d800000|  0%| F|  |TAMS 0x000000070d600000, 0x000000070d600000| Untracked 
|  69|0x000000070d800000, 0x000000070d800000, 0x000000070da00000|  0%| F|  |TAMS 0x000000070d800000, 0x000000070d800000| Untracked 
|  70|0x000000070da00000, 0x000000070da00000, 0x000000070dc00000|  0%| F|  |TAMS 0x000000070da00000, 0x000000070da00000| Untracked 
|  71|0x000000070dc00000, 0x000000070dc00000, 0x000000070de00000|  0%| F|  |TAMS 0x000000070dc00000, 0x000000070dc00000| Untracked 
|  72|0x000000070de00000, 0x000000070de00000, 0x000000070e000000|  0%| F|  |TAMS 0x000000070de00000, 0x000000070de00000| Untracked 
|  73|0x000000070e000000, 0x000000070e000000, 0x000000070e200000|  0%| F|  |TAMS 0x000000070e000000, 0x000000070e000000| Untracked 
|  74|0x000000070e200000, 0x000000070e200000, 0x000000070e400000|  0%| F|  |TAMS 0x000000070e200000, 0x000000070e200000| Untracked 
|  75|0x000000070e400000, 0x000000070e400000, 0x000000070e600000|  0%| F|  |TAMS 0x000000070e400000, 0x000000070e400000| Untracked 
|  76|0x000000070e600000, 0x000000070e600000, 0x000000070e800000|  0%| F|  |TAMS 0x000000070e600000, 0x000000070e600000| Untracked 
|  77|0x000000070e800000, 0x000000070e800000, 0x000000070ea00000|  0%| F|  |TAMS 0x000000070e800000, 0x000000070e800000| Untracked 
|  78|0x000000070ea00000, 0x000000070ea00000, 0x000000070ec00000|  0%| F|  |TAMS 0x000000070ea00000, 0x000000070ea00000| Untracked 
|  79|0x000000070ec00000, 0x000000070ec00000, 0x000000070ee00000|  0%| F|  |TAMS 0x000000070ec00000, 0x000000070ec00000| Untracked 
|  80|0x000000070ee00000, 0x000000070ee00000, 0x000000070f000000|  0%| F|  |TAMS 0x000000070ee00000, 0x000000070ee00000| Untracked 
|  81|0x000000070f000000, 0x000000070f000000, 0x000000070f200000|  0%| F|  |TAMS 0x000000070f000000, 0x000000070f000000| Untracked 
|  82|0x000000070f200000, 0x000000070f200000, 0x000000070f400000|  0%| F|  |TAMS 0x000000070f200000, 0x000000070f200000| Untracked 
|  83|0x000000070f400000, 0x000000070f400000, 0x000000070f600000|  0%| F|  |TAMS 0x000000070f400000, 0x000000070f400000| Untracked 
|  84|0x000000070f600000, 0x000000070f600000, 0x000000070f800000|  0%| F|  |TAMS 0x000000070f600000, 0x000000070f600000| Untracked 
|  85|0x000000070f800000, 0x000000070f800000, 0x000000070fa00000|  0%| F|  |TAMS 0x000000070f800000, 0x000000070f800000| Untracked 
|  86|0x000000070fa00000, 0x000000070fa00000, 0x000000070fc00000|  0%| F|  |TAMS 0x000000070fa00000, 0x000000070fa00000| Untracked 
|  87|0x000000070fc00000, 0x000000070fc00000, 0x000000070fe00000|  0%| F|  |TAMS 0x000000070fc00000, 0x000000070fc00000| Untracked 
|  88|0x000000070fe00000, 0x000000070fe00000, 0x0000000710000000|  0%| F|  |TAMS 0x000000070fe00000, 0x000000070fe00000| Untracked 
|  89|0x0000000710000000, 0x0000000710000000, 0x0000000710200000|  0%| F|  |TAMS 0x0000000710000000, 0x0000000710000000| Untracked 
|  90|0x0000000710200000, 0x0000000710200000, 0x0000000710400000|  0%| F|  |TAMS 0x0000000710200000, 0x0000000710200000| Untracked 
|  91|0x0000000710400000, 0x0000000710400000, 0x0000000710600000|  0%| F|  |TAMS 0x0000000710400000, 0x0000000710400000| Untracked 
|  92|0x0000000710600000, 0x0000000710600000, 0x0000000710800000|  0%| F|  |TAMS 0x0000000710600000, 0x0000000710600000| Untracked 
|  93|0x0000000710800000, 0x0000000710800000, 0x0000000710a00000|  0%| F|  |TAMS 0x0000000710800000, 0x0000000710800000| Untracked 
|  94|0x0000000710a00000, 0x0000000710a00000, 0x0000000710c00000|  0%| F|  |TAMS 0x0000000710a00000, 0x0000000710a00000| Untracked 
|  95|0x0000000710c00000, 0x0000000710c00000, 0x0000000710e00000|  0%| F|  |TAMS 0x0000000710c00000, 0x0000000710c00000| Untracked 
|  96|0x0000000710e00000, 0x0000000710e00000, 0x0000000711000000|  0%| F|  |TAMS 0x0000000710e00000, 0x0000000710e00000| Untracked 
|  97|0x0000000711000000, 0x0000000711000000, 0x0000000711200000|  0%| F|  |TAMS 0x0000000711000000, 0x0000000711000000| Untracked 
|  98|0x0000000711200000, 0x0000000711200000, 0x0000000711400000|  0%| F|  |TAMS 0x0000000711200000, 0x0000000711200000| Untracked 
|  99|0x0000000711400000, 0x0000000711400000, 0x0000000711600000|  0%| F|  |TAMS 0x0000000711400000, 0x0000000711400000| Untracked 
| 100|0x0000000711600000, 0x0000000711600000, 0x0000000711800000|  0%| F|  |TAMS 0x0000000711600000, 0x0000000711600000| Untracked 
| 101|0x0000000711800000, 0x0000000711800000, 0x0000000711a00000|  0%| F|  |TAMS 0x0000000711800000, 0x0000000711800000| Untracked 
| 102|0x0000000711a00000, 0x0000000711a00000, 0x0000000711c00000|  0%| F|  |TAMS 0x0000000711a00000, 0x0000000711a00000| Untracked 
| 103|0x0000000711c00000, 0x0000000711c00000, 0x0000000711e00000|  0%| F|  |TAMS 0x0000000711c00000, 0x0000000711c00000| Untracked 
| 104|0x0000000711e00000, 0x0000000711e00000, 0x0000000712000000|  0%| F|  |TAMS 0x0000000711e00000, 0x0000000711e00000| Untracked 
| 105|0x0000000712000000, 0x0000000712000000, 0x0000000712200000|  0%| F|  |TAMS 0x0000000712000000, 0x0000000712000000| Untracked 
| 106|0x0000000712200000, 0x0000000712200000, 0x0000000712400000|  0%| F|  |TAMS 0x0000000712200000, 0x0000000712200000| Untracked 
| 107|0x0000000712400000, 0x0000000712400000, 0x0000000712600000|  0%| F|  |TAMS 0x0000000712400000, 0x0000000712400000| Untracked 
| 108|0x0000000712600000, 0x0000000712600000, 0x0000000712800000|  0%| F|  |TAMS 0x0000000712600000, 0x0000000712600000| Untracked 
| 109|0x0000000712800000, 0x0000000712800000, 0x0000000712a00000|  0%| F|  |TAMS 0x0000000712800000, 0x0000000712800000| Untracked 
| 110|0x0000000712a00000, 0x0000000712a00000, 0x0000000712c00000|  0%| F|  |TAMS 0x0000000712a00000, 0x0000000712a00000| Untracked 
| 111|0x0000000712c00000, 0x0000000712c00000, 0x0000000712e00000|  0%| F|  |TAMS 0x0000000712c00000, 0x0000000712c00000| Untracked 
| 112|0x0000000712e00000, 0x0000000712e00000, 0x0000000713000000|  0%| F|  |TAMS 0x0000000712e00000, 0x0000000712e00000| Untracked 
| 113|0x0000000713000000, 0x0000000713000000, 0x0000000713200000|  0%| F|  |TAMS 0x0000000713000000, 0x0000000713000000| Untracked 
| 114|0x0000000713200000, 0x0000000713200000, 0x0000000713400000|  0%| F|  |TAMS 0x0000000713200000, 0x0000000713200000| Untracked 
| 115|0x0000000713400000, 0x0000000713400000, 0x0000000713600000|  0%| F|  |TAMS 0x0000000713400000, 0x0000000713400000| Untracked 
| 116|0x0000000713600000, 0x0000000713600000, 0x0000000713800000|  0%| F|  |TAMS 0x0000000713600000, 0x0000000713600000| Untracked 
| 117|0x0000000713800000, 0x0000000713800000, 0x0000000713a00000|  0%| F|  |TAMS 0x0000000713800000, 0x0000000713800000| Untracked 
| 118|0x0000000713a00000, 0x0000000713a00000, 0x0000000713c00000|  0%| F|  |TAMS 0x0000000713a00000, 0x0000000713a00000| Untracked 
| 119|0x0000000713c00000, 0x0000000713c00000, 0x0000000713e00000|  0%| F|  |TAMS 0x0000000713c00000, 0x0000000713c00000| Untracked 
| 120|0x0000000713e00000, 0x0000000713e00000, 0x0000000714000000|  0%| F|  |TAMS 0x0000000713e00000, 0x0000000713e00000| Untracked 
| 121|0x0000000714000000, 0x0000000714000000, 0x0000000714200000|  0%| F|  |TAMS 0x0000000714000000, 0x0000000714000000| Untracked 
| 122|0x0000000714200000, 0x0000000714400000, 0x0000000714400000|100%| E|  |TAMS 0x0000000714200000, 0x0000000714200000| Complete 
| 123|0x0000000714400000, 0x0000000714600000, 0x0000000714600000|100%| E|CS|TAMS 0x0000000714400000, 0x0000000714400000| Complete 
| 124|0x0000000714600000, 0x0000000714800000, 0x0000000714800000|100%| E|CS|TAMS 0x0000000714600000, 0x0000000714600000| Complete 
| 125|0x0000000714800000, 0x0000000714a00000, 0x0000000714a00000|100%| E|CS|TAMS 0x0000000714800000, 0x0000000714800000| Complete 

Card table byte_map: [0x000001fcc8680000,0x000001fcc8e60000] _byte_map_base: 0x000001fcc4e59000

Marking Bits (Prev, Next): (CMBitMap*) 0x000001fcb0e63870, (CMBitMap*) 0x000001fcb0e638b0
 Prev Bits: [0x000001fcc9640000, 0x000001fccd508000)
 Next Bits: [0x000001fccd510000, 0x000001fcd13d8000)

Polling page: 0x000001fcaec00000

Metaspace:

Usage:
  Non-class:     14.63 MB used.
      Class:      1.87 MB used.
       Both:     16.49 MB used.

Virtual space:
  Non-class space:       64.00 MB reserved,      14.75 MB ( 23%) committed,  1 nodes.
      Class space:        1.00 GB reserved,       2.00 MB ( <1%) committed,  1 nodes.
             Both:        1.06 GB reserved,      16.75 MB (  2%) committed. 

Chunk freelists:
   Non-Class:  1.19 MB
       Class:  13.85 MB
        Both:  15.04 MB

MaxMetaspaceSize: unlimited
CompressedClassSpaceSize: 1.00 GB
Initial GC threshold: 21.00 MB
Current GC threshold: 21.00 MB
CDS: on
MetaspaceReclaimPolicy: balanced
 - commit_granule_bytes: 65536.
 - commit_granule_words: 8192.
 - virtual_space_node_default_size: 8388608.
 - enlarge_chunks_in_place: 1.
 - new_chunks_are_fully_committed: 0.
 - uncommit_free_chunks: 1.
 - use_allocation_guard: 0.
 - handle_deallocations: 1.


Internal statistics:

num_allocs_failed_limit: 0.
num_arena_births: 112.
num_arena_deaths: 0.
num_vsnodes_births: 2.
num_vsnodes_deaths: 0.
num_space_committed: 268.
num_space_uncommitted: 0.
num_chunks_returned_to_freelist: 0.
num_chunks_taken_from_freelist: 716.
num_chunk_merges: 0.
num_chunk_splits: 480.
num_chunks_enlarged: 362.
num_inconsistent_stats: 0.

CodeHeap 'non-profiled nmethods': size=120000Kb used=2672Kb max_used=2672Kb free=117327Kb
 bounds [0x000001fcc0410000, 0x000001fcc06b0000, 0x000001fcc7940000]
CodeHeap 'profiled nmethods': size=120000Kb used=10156Kb max_used=10156Kb free=109843Kb
 bounds [0x000001fcb8940000, 0x000001fcb9330000, 0x000001fcbfe70000]
CodeHeap 'non-nmethods': size=5760Kb used=1181Kb max_used=1233Kb free=4578Kb
 bounds [0x000001fcbfe70000, 0x000001fcc00e0000, 0x000001fcc0410000]
 total_blobs=5109 nmethods=4635 adapters=386
 compilation: enabled
              stopped_count=0, restarted_count=0
 full_count=0

Compilation events (20 events):
Event: 31.862 Thread 0x000001fcd40afa40 nmethod 4632 0x000001fcc06aba10 code [0x000001fcc06abba0, 0x000001fcc06abc78]
Event: 31.862 Thread 0x000001fcd40afa40 4623       3       org.apache.maven.model.inheritance.DefaultInheritanceAssembler$InheritanceModelMerger::mergeModelBase_Properties (87 bytes)
Event: 31.863 Thread 0x000001fcd40afa40 nmethod 4623 0x000001fcb9319410 code [0x000001fcb9319700, 0x000001fcb931ace8]
Event: 31.863 Thread 0x000001fcd40afa40 4624       3       org.apache.maven.model.merge.MavenModelMerger::mergeModel_ModelVersion (1 bytes)
Event: 31.863 Thread 0x000001fcd40afa40 nmethod 4624 0x000001fcb931b390 code [0x000001fcb931b520, 0x000001fcb931b638]
Event: 31.863 Thread 0x000001fcd40afa40 4625       3       org.apache.maven.model.merge.MavenModelMerger::mergeModel_ArtifactId (1 bytes)
Event: 31.863 Thread 0x000001fcd40afa40 nmethod 4625 0x000001fcb931b710 code [0x000001fcb931b8a0, 0x000001fcb931b9b8]
Event: 31.864 Thread 0x000001fcd40afa40 4626       3       org.apache.maven.model.merge.MavenModelMerger::mergeModel_Name (34 bytes)
Event: 31.864 Thread 0x000001fcd40afa40 nmethod 4626 0x000001fcb931ba90 code [0x000001fcb931bc60, 0x000001fcb931c018]
Event: 31.864 Thread 0x000001fcd40afa40 4627       3       org.apache.maven.model.merge.MavenModelMerger::mergeModel_Url (72 bytes)
Event: 31.864 Thread 0x000001fcd40afa40 nmethod 4627 0x000001fcb931c190 code [0x000001fcb931c3c0, 0x000001fcb931cc78]
Event: 31.864 Thread 0x000001fcd40afa40 4628       3       org.apache.maven.model.merge.MavenModelMerger::mergeModel_Organization (63 bytes)
Event: 31.865 Thread 0x000001fcd40afa40 nmethod 4628 0x000001fcb931cf10 code [0x000001fcb931d100, 0x000001fcb931d5e8]
Event: 31.865 Thread 0x000001fcd40afa40 4629       3       org.apache.maven.model.merge.MavenModelMerger::mergeModel_Licenses (28 bytes)
Event: 31.865 Thread 0x000001fcd40afa40 nmethod 4629 0x000001fcb931d810 code [0x000001fcb931da40, 0x000001fcb931e478]
Event: 31.865 Thread 0x000001fcd40afa40 4630       3       org.apache.maven.model.merge.MavenModelMerger::mergeModel_MailingLists (28 bytes)
Event: 31.866 Thread 0x000001fcd40afa40 nmethod 4630 0x000001fcb931e790 code [0x000001fcb931e9c0, 0x000001fcb931f3f8]
Event: 31.901 Thread 0x000001fcd40afa40 4633   !   3       org.apache.maven.model.io.DefaultModelReader::read (58 bytes)
Event: 31.902 Thread 0x000001fcd40afa40 nmethod 4633 0x000001fcb931f710 code [0x000001fcb931f980, 0x000001fcb93204d8]
Event: 31.902 Thread 0x000001fcd40afa40 4634       3       org.apache.maven.model.validation.DefaultModelValidator::validateRawModel (743 bytes)

GC Heap History (6 events):
Event: 9.580 GC heap before
{Heap before GC invocations=0 (full 0):
 garbage-first heap   total 258048K, used 22528K [0x0000000704e00000, 0x0000000800000000)
  region size 2048K, 11 young (22528K), 0 survivors (0K)
 Metaspace       used 5869K, committed 6016K, reserved 1114112K
  class space    used 681K, committed 768K, reserved 1048576K
}
Event: 9.583 GC heap after
{Heap after GC invocations=1 (full 0):
 garbage-first heap   total 258048K, used 3951K [0x0000000704e00000, 0x0000000800000000)
  region size 2048K, 2 young (4096K), 2 survivors (4096K)
 Metaspace       used 5869K, committed 6016K, reserved 1114112K
  class space    used 681K, committed 768K, reserved 1048576K
}
Event: 10.183 GC heap before
{Heap before GC invocations=1 (full 0):
 garbage-first heap   total 258048K, used 34671K [0x0000000704e00000, 0x0000000800000000)
  region size 2048K, 17 young (34816K), 2 survivors (4096K)
 Metaspace       used 9213K, committed 9472K, reserved 1114112K
  class space    used 1083K, committed 1216K, reserved 1048576K
}
Event: 10.187 GC heap after
{Heap after GC invocations=2 (full 0):
 garbage-first heap   total 258048K, used 5402K [0x0000000704e00000, 0x0000000800000000)
  region size 2048K, 1 young (2048K), 1 survivors (2048K)
 Metaspace       used 9213K, committed 9472K, reserved 1114112K
  class space    used 1083K, committed 1216K, reserved 1048576K
}
Event: 30.793 GC heap before
{Heap before GC invocations=2 (full 0):
 garbage-first heap   total 258048K, used 156954K [0x0000000704e00000, 0x0000000800000000)
  region size 2048K, 75 young (153600K), 1 survivors (2048K)
 Metaspace       used 16766K, committed 17024K, reserved 1114112K
  class space    used 1910K, committed 2048K, reserved 1048576K
}
Event: 30.810 GC heap after
{Heap after GC invocations=3 (full 0):
 garbage-first heap   total 258048K, used 19303K [0x0000000704e00000, 0x0000000800000000)
  region size 2048K, 8 young (16384K), 8 survivors (16384K)
 Metaspace       used 16766K, committed 17024K, reserved 1114112K
  class space    used 1910K, committed 2048K, reserved 1048576K
}

Dll operation events (11 events):
Event: 0.075 Loaded shared library C:\Users\ryanm\.jdks\ms-17.0.15\bin\java.dll
Event: 0.114 Loaded shared library C:\Users\ryanm\.jdks\ms-17.0.15\bin\jsvml.dll
Event: 0.156 Loaded shared library C:\Users\ryanm\.jdks\ms-17.0.15\bin\zip.dll
Event: 0.159 Loaded shared library C:\Users\ryanm\.jdks\ms-17.0.15\bin\instrument.dll
Event: 0.164 Loaded shared library C:\Users\ryanm\.jdks\ms-17.0.15\bin\net.dll
Event: 0.166 Loaded shared library C:\Users\ryanm\.jdks\ms-17.0.15\bin\nio.dll
Event: 0.194 Loaded shared library C:\Users\ryanm\.jdks\ms-17.0.15\bin\zip.dll
Event: 0.266 Loaded shared library C:\Users\ryanm\.jdks\ms-17.0.15\bin\extnet.dll
Event: 7.997 Loaded shared library C:\Users\ryanm\.jdks\ms-17.0.15\bin\jimage.dll
Event: 8.144 Loaded shared library C:\Users\ryanm\AppData\Local\Temp\jansi-2.4.1-86405103281a8ef3-jansi.dll
Event: 8.158 Loaded shared library C:\Users\ryanm\.jdks\ms-17.0.15\bin\verify.dll

Deoptimization events (20 events):
Event: 30.110 Thread 0x000001fcb0df4ab0 Uncommon trap: trap_request=0xffffffd6 fr.pc=0x000001fcc069d694 relative=0x0000000000000474
Event: 30.110 Thread 0x000001fcb0df4ab0 Uncommon trap: reason=array_check action=maybe_recompile pc=0x000001fcc069d694 method=java.util.HashMap.keysToArray([Ljava/lang/Object;)[Ljava/lang/Object; @ 62 c2
Event: 30.110 Thread 0x000001fcb0df4ab0 DEOPT PACKING pc=0x000001fcc069d694 sp=0x000000401eafb9e0
Event: 30.110 Thread 0x000001fcb0df4ab0 DEOPT UNPACKING pc=0x000001fcbfec69a3 sp=0x000000401eafb978 mode 2
Event: 30.110 Thread 0x000001fcb0df4ab0 Uncommon trap: trap_request=0xffffffd6 fr.pc=0x000001fcc069d694 relative=0x0000000000000474
Event: 30.110 Thread 0x000001fcb0df4ab0 Uncommon trap: reason=array_check action=maybe_recompile pc=0x000001fcc069d694 method=java.util.HashMap.keysToArray([Ljava/lang/Object;)[Ljava/lang/Object; @ 62 c2
Event: 30.110 Thread 0x000001fcb0df4ab0 DEOPT PACKING pc=0x000001fcc069d694 sp=0x000000401eafb9e0
Event: 30.110 Thread 0x000001fcb0df4ab0 DEOPT UNPACKING pc=0x000001fcbfec69a3 sp=0x000000401eafb978 mode 2
Event: 30.812 Thread 0x000001fcb0df4ab0 Uncommon trap: trap_request=0xfffffff4 fr.pc=0x000001fcc065cbec relative=0x0000000000000f8c
Event: 30.813 Thread 0x000001fcb0df4ab0 Uncommon trap: reason=null_check action=make_not_entrant pc=0x000001fcc065cbec method=org.codehaus.plexus.interpolation.reflection.ReflectionValueExtractor.getClassMap(Ljava/lang/Class;)Lorg/codehaus/plexus/interpolation/reflection/ClassMap; @ 21 c2
Event: 30.813 Thread 0x000001fcb0df4ab0 DEOPT PACKING pc=0x000001fcc065cbec sp=0x000000401eafba40
Event: 30.813 Thread 0x000001fcb0df4ab0 DEOPT UNPACKING pc=0x000001fcbfec69a3 sp=0x000000401eafba38 mode 2
Event: 31.425 Thread 0x000001fcb0df4ab0 Uncommon trap: trap_request=0xffffff45 fr.pc=0x000001fcc0698f1c relative=0x0000000000000ddc
Event: 31.425 Thread 0x000001fcb0df4ab0 Uncommon trap: reason=unstable_if action=reinterpret pc=0x000001fcc0698f1c method=org.apache.maven.model.merge.ModelMerger.mergePlugin_Extensions(Lorg/apache/maven/model/Plugin;Lorg/apache/maven/model/Plugin;ZLjava/util/Map;)V @ 19 c2
Event: 31.425 Thread 0x000001fcb0df4ab0 DEOPT PACKING pc=0x000001fcc0698f1c sp=0x000000401eafb210
Event: 31.425 Thread 0x000001fcb0df4ab0 DEOPT UNPACKING pc=0x000001fcbfec69a3 sp=0x000000401eafb170 mode 2
Event: 31.426 Thread 0x000001fcb0df4ab0 Uncommon trap: trap_request=0xffffff45 fr.pc=0x000001fcc066739c relative=0x000000000000017c
Event: 31.426 Thread 0x000001fcb0df4ab0 Uncommon trap: reason=unstable_if action=reinterpret pc=0x000001fcc066739c method=org.apache.maven.model.merge.ModelMerger.mergePlugin_Extensions(Lorg/apache/maven/model/Plugin;Lorg/apache/maven/model/Plugin;ZLjava/util/Map;)V @ 19 c2
Event: 31.426 Thread 0x000001fcb0df4ab0 DEOPT PACKING pc=0x000001fcc066739c sp=0x000000401eafb6d0
Event: 31.426 Thread 0x000001fcb0df4ab0 DEOPT UNPACKING pc=0x000001fcbfec69a3 sp=0x000000401eafb670 mode 2

Classes loaded (20 events):
Event: 11.265 Loading class sun/util/resources/Bundles$2
Event: 11.265 Loading class sun/util/resources/Bundles$2 done
Event: 11.303 Loading class java/lang/Short$ShortCache
Event: 11.304 Loading class java/lang/Short$ShortCache done
Event: 11.304 Loading class java/lang/Byte$ByteCache
Event: 11.304 Loading class java/lang/Byte$ByteCache done
Event: 15.372 Loading class java/lang/invoke/MethodHandle$1
Event: 15.373 Loading class java/lang/invoke/MethodHandle$1 done
Event: 15.491 Loading class java/util/stream/MatchOps$MatchKind
Event: 15.492 Loading class java/util/stream/MatchOps$MatchKind done
Event: 15.492 Loading class java/util/stream/MatchOps
Event: 15.492 Loading class java/util/stream/MatchOps done
Event: 15.492 Loading class java/util/stream/MatchOps$MatchOp
Event: 15.492 Loading class java/util/stream/MatchOps$MatchOp done
Event: 15.493 Loading class java/util/stream/MatchOps$BooleanTerminalSink
Event: 15.493 Loading class java/util/stream/MatchOps$BooleanTerminalSink done
Event: 15.494 Loading class java/util/stream/MatchOps$1MatchSink
Event: 15.494 Loading class java/util/stream/MatchOps$1MatchSink done
Event: 23.459 Loading class sun/nio/cs/ISO_8859_1$Decoder
Event: 23.460 Loading class sun/nio/cs/ISO_8859_1$Decoder done

Classes unloaded (0 events):
No events

Classes redefined (0 events):
No events

Internal exceptions (20 events):
Event: 9.392 Thread 0x000001fcb0df4ab0 Exception <a 'java/lang/NoSuchMethodError'{0x0000000713886628}: 'java.lang.Object java.lang.invoke.DirectMethodHandle$Holder.invokeInterface(java.lang.Object, java.lang.Object)'> (0x0000000713886628) 
thrown [s\src\hotspot\share\interpreter\linkResolver.cpp, line 759]
Event: 9.411 Thread 0x000001fcb0df4ab0 Exception <a 'java/lang/NoSuchMethodError'{0x000000071393a530}: 'java.lang.Object java.lang.invoke.Invokers$Holder.invokeExact_MT(java.lang.Object, java.lang.Object, java.lang.Object, java.lang.Object, java.lang.Object, java.lang.Object)'> (0x000000071393a530) 
thrown [s\src\hotspot\share\interpreter\linkResolver.cpp, line 759]
Event: 9.414 Thread 0x000001fcb0df4ab0 Exception <a 'java/lang/NoSuchMethodError'{0x000000071394b990}: 'int java.lang.invoke.DirectMethodHandle$Holder.invokeSpecialIFC(java.lang.Object, java.lang.Object, java.lang.Object, java.lang.Object, java.lang.Object)'> (0x000000071394b990) 
thrown [s\src\hotspot\share\interpreter\linkResolver.cpp, line 759]
Event: 9.462 Thread 0x000001fcb0df4ab0 Exception <a 'java/lang/NoSuchMethodError'{0x000000071370a8c8}: 'java.lang.Object java.lang.invoke.DirectMethodHandle$Holder.newInvokeSpecial(java.lang.Object, java.lang.Object, java.lang.Object, java.lang.Object, java.lang.Object)'> (0x000000071370a8c8) 
thrown [s\src\hotspot\share\interpreter\linkResolver.cpp, line 759]
Event: 9.490 Thread 0x000001fcb0df4ab0 Exception <a 'java/lang/NoSuchMethodError'{0x000000071341bc28}: 'int java.lang.invoke.DirectMethodHandle$Holder.invokeStaticInit(java.lang.Object, java.lang.Object)'> (0x000000071341bc28) 
thrown [s\src\hotspot\share\interpreter\linkResolver.cpp, line 759]
Event: 9.498 Thread 0x000001fcb0df4ab0 Exception <a 'java/lang/NoClassDefFoundError'{0x0000000713456eb8}: javax/enterprise/inject/Typed> (0x0000000713456eb8) 
thrown [s\src\hotspot\share\classfile\systemDictionary.cpp, line 245]
Event: 10.421 Thread 0x000001fcb0df4ab0 Exception <a 'java/lang/NoSuchMethodError'{0x0000000713e0d308}: 'void java.lang.invoke.DirectMethodHandle$Holder.invokeStaticInit(java.lang.Object, java.lang.Object, java.lang.Object)'> (0x0000000713e0d308) 
thrown [s\src\hotspot\share\interpreter\linkResolver.cpp, line 759]
Event: 10.430 Thread 0x000001fcb0df4ab0 Exception <a 'java/lang/ExceptionInInitializerError'{0x0000000713e39ec8}> (0x0000000713e39ec8) 
thrown [s\src\hotspot\share\oops\instanceKlass.cpp, line 1218]
Event: 10.464 Thread 0x000001fcb0df4ab0 Implicit null exception at 0x000001fcc04b5daf to 0x000001fcc04b5f10
Event: 10.466 Thread 0x000001fcb0df4ab0 Exception <a 'java/lang/NoSuchMethodError'{0x0000000713f52cb8}: 'java.lang.Object java.lang.invoke.Invokers$Holder.invokeExact_MT(java.lang.Object, int, java.lang.Object)'> (0x0000000713f52cb8) 
thrown [s\src\hotspot\share\interpreter\linkResolver.cpp, line 759]
Event: 10.491 Thread 0x000001fcb0df4ab0 Exception <a 'java/lang/NoSuchMethodError'{0x0000000713ffbdd0}: 'int java.lang.invoke.DirectMethodHandle$Holder.invokeSpecial(java.lang.Object, java.lang.Object, java.lang.Object, java.lang.Object)'> (0x0000000713ffbdd0) 
thrown [s\src\hotspot\share\interpreter\linkResolver.cpp, line 759]
Event: 10.771 Thread 0x000001fcb0df4ab0 Exception <a 'java/lang/NoClassDefFoundError'{0x0000000713462b28}: com/google/inject/servlet/ServletModuleTargetVisitor> (0x0000000713462b28) 
thrown [s\src\hotspot\share\classfile\systemDictionary.cpp, line 245]
Event: 10.859 Thread 0x000001fcb0df4ab0 Exception <a 'java/lang/NoSuchMethodError'{0x00000007132ee928}: 'void java.lang.invoke.DirectMethodHandle$Holder.invokeVirtual(java.lang.Object, java.lang.Object)'> (0x00000007132ee928) 
thrown [s\src\hotspot\share\interpreter\linkResolver.cpp, line 759]
Event: 10.885 Thread 0x000001fcb0df4ab0 Exception <a 'java/lang/NoSuchMethodError'{0x0000000713375b80}: 'java.lang.Object java.lang.invoke.DirectMethodHandle$Holder.invokeStaticInit(java.lang.Object, int, int, int, int)'> (0x0000000713375b80) 
thrown [s\src\hotspot\share\interpreter\linkResolver.cpp, line 759]
Event: 11.083 Thread 0x000001fcb0df4ab0 Implicit null exception at 0x000001fcc0445e72 to 0x000001fcc0446454
Event: 11.083 Thread 0x000001fcb0df4ab0 Implicit null exception at 0x000001fcc0447272 to 0x000001fcc0447868
Event: 11.233 Thread 0x000001fcb0df4ab0 Exception <a 'java/lang/NoSuchMethodError'{0x0000000712b36460}: 'void java.lang.invoke.DirectMethodHandle$Holder.invokeSpecial(java.lang.Object, java.lang.Object, java.lang.Object, java.lang.Object, java.lang.Object)'> (0x0000000712b36460) 
thrown [s\src\hotspot\share\interpreter\linkResolver.cpp, line 759]
Event: 11.239 Thread 0x000001fcb0df4ab0 Exception <a 'java/lang/NoSuchMethodError'{0x0000000712b54a80}: 'java.lang.Object java.lang.invoke.DirectMethodHandle$Holder.invokeVirtual(java.lang.Object, java.lang.Object, java.lang.Object)'> (0x0000000712b54a80) 
thrown [s\src\hotspot\share\interpreter\linkResolver.cpp, line 759]
Event: 11.243 Thread 0x000001fcb0df4ab0 Exception <a 'java/lang/NoSuchMethodError'{0x0000000712b63ce8}: 'void java.lang.invoke.DirectMethodHandle$Holder.invokeSpecial(java.lang.Object, java.lang.Object, java.lang.Object, java.lang.Object, java.lang.Object, java.lang.Object)'> (0x0000000712b63ce8) 
thrown [s\src\hotspot\share\interpreter\linkResolver.cpp, line 759]
Event: 30.812 Thread 0x000001fcb0df4ab0 Implicit null exception at 0x000001fcc065bda8 to 0x000001fcc065cbdc

VM Operations (20 events):
Event: 23.047 Executing VM operation: Cleanup
Event: 23.047 Executing VM operation: Cleanup done
Event: 24.055 Executing VM operation: Cleanup
Event: 24.055 Executing VM operation: Cleanup done
Event: 25.058 Executing VM operation: Cleanup
Event: 25.058 Executing VM operation: Cleanup done
Event: 26.071 Executing VM operation: Cleanup
Event: 26.071 Executing VM operation: Cleanup done
Event: 27.082 Executing VM operation: Cleanup
Event: 27.083 Executing VM operation: Cleanup done
Event: 28.097 Executing VM operation: Cleanup
Event: 28.097 Executing VM operation: Cleanup done
Event: 29.103 Executing VM operation: Cleanup
Event: 29.103 Executing VM operation: Cleanup done
Event: 30.115 Executing VM operation: Cleanup
Event: 30.115 Executing VM operation: Cleanup done
Event: 30.793 Executing VM operation: G1CollectForAllocation
Event: 30.810 Executing VM operation: G1CollectForAllocation done
Event: 31.825 Executing VM operation: Cleanup
Event: 31.825 Executing VM operation: Cleanup done

Memory protections (0 events):
No events

Nmethod flushes (0 events):
No events

Events (20 events):
Event: 0.127 Thread 0x000001fcb0df4ab0 Thread added: 0x000001fcd40afa40
Event: 0.127 Thread 0x000001fcb0df4ab0 Thread added: 0x000001fcd40b0050
Event: 0.139 Thread 0x000001fcb0df4ab0 Thread added: 0x000001fcd41d0b30
Event: 0.228 Thread 0x000001fcb0df4ab0 Thread added: 0x000001fcd4245ad0
Event: 0.228 Thread 0x000001fcb0df4ab0 Thread added: 0x000001fcd4245fb0
Event: 7.996 Thread 0x000001fcb0df4ab0 Thread added: 0x000001fcd4161f80
Event: 8.011 Thread 0x000001fcd4161f80 Thread exited: 0x000001fcd4161f80
Event: 9.119 Thread 0x000001fcd40afa40 Thread added: 0x000001fcd4799cd0
Event: 9.574 Thread 0x000001fcd40afa40 Thread added: 0x000001fcd4a66020
Event: 11.016 Thread 0x000001fcb0df4ab0 Thread added: 0x000001fd1a81bb20
Event: 11.439 Thread 0x000001fcd4a66020 Thread exited: 0x000001fcd4a66020
Event: 11.696 Thread 0x000001fcd4799cd0 Thread exited: 0x000001fcd4799cd0
Event: 15.383 Thread 0x000001fcd40afa40 Thread added: 0x000001fcd4a63050
Event: 16.018 Thread 0x000001fcd4a63050 Thread exited: 0x000001fcd4a63050
Event: 16.591 Thread 0x000001fcd40afa40 Thread added: 0x000001fcd4a635a0
Event: 17.203 Thread 0x000001fcd4a635a0 Thread exited: 0x000001fcd4a635a0
Event: 17.217 Thread 0x000001fcd40afa40 Thread added: 0x000001fcd4a63050
Event: 17.224 Thread 0x000001fcd4a63050 Thread added: 0x000001fcd4a64ae0
Event: 17.350 Thread 0x000001fcd4a64ae0 Thread exited: 0x000001fcd4a64ae0
Event: 17.350 Thread 0x000001fcd4a63050 Thread exited: 0x000001fcd4a63050


Dynamic libraries:
0x00007ff604540000 - 0x00007ff60454e000 	C:\Users\ryanm\.jdks\ms-17.0.15\bin\java.exe
0x00007ffd2b720000 - 0x00007ffd2b986000 	C:\Windows\SYSTEM32\ntdll.dll
0x00007ffd2aa00000 - 0x00007ffd2aac9000 	C:\Windows\System32\KERNEL32.DLL
0x00007ffd288b0000 - 0x00007ffd28c7c000 	C:\Windows\System32\KERNELBASE.dll
0x00007ffd29010000 - 0x00007ffd2915b000 	C:\Windows\System32\ucrtbase.dll
0x00007ffcd6e80000 - 0x00007ffcd6e97000 	C:\Users\ryanm\.jdks\ms-17.0.15\bin\jli.dll
0x00007ffd0edf0000 - 0x00007ffd0ee0d000 	C:\Users\ryanm\.jdks\ms-17.0.15\bin\VCRUNTIME140.dll
0x00007ffd2b410000 - 0x00007ffd2b5da000 	C:\Windows\System32\USER32.dll
0x00007ffd28fe0000 - 0x00007ffd29007000 	C:\Windows\System32\win32u.dll
0x00007ffd2a9d0000 - 0x00007ffd2a9fb000 	C:\Windows\System32\GDI32.dll
0x00007ffd28e00000 - 0x00007ffd28f32000 	C:\Windows\System32\gdi32full.dll
0x00007ffd29160000 - 0x00007ffd29203000 	C:\Windows\System32\msvcp_win.dll
0x00007ffd01680000 - 0x00007ffd0191a000 	C:\Windows\WinSxS\amd64_microsoft.windows.common-controls_6595b64144ccf1df_6.0.26100.3912_none_3e07963ce335137e\COMCTL32.dll
0x00007ffd2afd0000 - 0x00007ffd2b079000 	C:\Windows\System32\msvcrt.dll
0x00007ffd2a1c0000 - 0x00007ffd2a1f0000 	C:\Windows\System32\IMM32.DLL
0x00007ffd228f0000 - 0x00007ffd228fc000 	C:\Users\ryanm\.jdks\ms-17.0.15\bin\vcruntime140_1.dll
0x00007ffcd2730000 - 0x00007ffcd27bd000 	C:\Users\ryanm\.jdks\ms-17.0.15\bin\msvcp140.dll
0x00007ffcaf740000 - 0x00007ffcb03b2000 	C:\Users\ryanm\.jdks\ms-17.0.15\bin\server\jvm.dll
0x00007ffd2ad90000 - 0x00007ffd2ae42000 	C:\Windows\System32\ADVAPI32.dll
0x00007ffd29760000 - 0x00007ffd29806000 	C:\Windows\System32\sechost.dll
0x00007ffd294e0000 - 0x00007ffd295f6000 	C:\Windows\System32\RPCRT4.dll
0x00007ffd2aee0000 - 0x00007ffd2af54000 	C:\Windows\System32\WS2_32.dll
0x00007ffd28700000 - 0x00007ffd2875e000 	C:\Windows\SYSTEM32\POWRPROF.dll
0x00007ffd20680000 - 0x00007ffd206b6000 	C:\Windows\SYSTEM32\WINMM.dll
0x00007ffd14e50000 - 0x00007ffd14e5b000 	C:\Windows\SYSTEM32\VERSION.dll
0x00007ffd286e0000 - 0x00007ffd286f4000 	C:\Windows\SYSTEM32\UMPDC.dll
0x00007ffd27500000 - 0x00007ffd2751a000 	C:\Windows\SYSTEM32\kernel.appcore.dll
0x00007ffd11ba0000 - 0x00007ffd11baa000 	C:\Users\ryanm\.jdks\ms-17.0.15\bin\jimage.dll
0x00007ffd266d0000 - 0x00007ffd26911000 	C:\Windows\SYSTEM32\DBGHELP.DLL
0x00007ffd2b080000 - 0x00007ffd2b404000 	C:\Windows\System32\combase.dll
0x00007ffd29f40000 - 0x00007ffd2a020000 	C:\Windows\System32\OLEAUT32.dll
0x00007ffd20640000 - 0x00007ffd20679000 	C:\Windows\SYSTEM32\dbgcore.DLL
0x00007ffd28f40000 - 0x00007ffd28fd9000 	C:\Windows\System32\bcryptPrimitives.dll
0x00007ffd0ede0000 - 0x00007ffd0edee000 	C:\Users\ryanm\.jdks\ms-17.0.15\bin\instrument.dll
0x00007ffcd67a0000 - 0x00007ffcd67c5000 	C:\Users\ryanm\.jdks\ms-17.0.15\bin\java.dll
0x00007ffccb730000 - 0x00007ffccb806000 	C:\Users\ryanm\.jdks\ms-17.0.15\bin\jsvml.dll
0x00007ffd29810000 - 0x00007ffd29f3d000 	C:\Windows\System32\SHELL32.dll
0x00007ffd28c80000 - 0x00007ffd28df4000 	C:\Windows\System32\wintypes.dll
0x00007ffd25e70000 - 0x00007ffd266c6000 	C:\Windows\SYSTEM32\windows.storage.dll
0x00007ffd2b5e0000 - 0x00007ffd2b6cf000 	C:\Windows\System32\SHCORE.dll
0x00007ffd2af60000 - 0x00007ffd2afc9000 	C:\Windows\System32\shlwapi.dll
0x00007ffd287c0000 - 0x00007ffd287ef000 	C:\Windows\SYSTEM32\profapi.dll
0x00007ffcd2a80000 - 0x00007ffcd2a98000 	C:\Users\ryanm\.jdks\ms-17.0.15\bin\zip.dll
0x00007ffcd2710000 - 0x00007ffcd272a000 	C:\Users\ryanm\.jdks\ms-17.0.15\bin\net.dll
0x00007ffd27520000 - 0x00007ffd2763e000 	C:\Windows\SYSTEM32\WINHTTP.dll
0x00007ffd27b80000 - 0x00007ffd27bea000 	C:\Windows\system32\mswsock.dll
0x00007ffcd26f0000 - 0x00007ffcd2706000 	C:\Users\ryanm\.jdks\ms-17.0.15\bin\nio.dll
0x00007ffd0e6e0000 - 0x00007ffd0e6e9000 	C:\Users\ryanm\.jdks\ms-17.0.15\bin\extnet.dll
0x00007ffccb700000 - 0x00007ffccb724000 	C:\Users\ryanm\AppData\Local\Temp\jansi-2.4.1-86405103281a8ef3-jansi.dll
0x00007ffd06c00000 - 0x00007ffd06c10000 	C:\Users\ryanm\.jdks\ms-17.0.15\bin\verify.dll

dbghelp: loaded successfully - version: 4.0.5 - missing functions: none
symbol engine: initialized successfully - sym options: 0x614 - pdb path: .;C:\Users\ryanm\.jdks\ms-17.0.15\bin;C:\Windows\SYSTEM32;C:\Windows\WinSxS\amd64_microsoft.windows.common-controls_6595b64144ccf1df_6.0.26100.3912_none_3e07963ce335137e;C:\Users\ryanm\.jdks\ms-17.0.15\bin\server;C:\Users\ryanm\AppData\Local\Temp

VM Arguments:
jvm_args: -Dmaven.multiModuleProjectDirectory=C:\Users\ryanm\Desktop\Reveste\api-rest -Djansi.passthrough=true -Dmaven.home=C:\Users\ryanm\.m2\wrapper\dists\apache-maven-3.9.7-bin\3k9n615lchs6mp84v355m633uo\apache-maven-3.9.7 -Dclassworlds.conf=C:\Users\ryanm\.m2\wrapper\dists\apache-maven-3.9.7-bin\3k9n615lchs6mp84v355m633uo\apache-maven-3.9.7\bin\m2.conf -Dmaven.ext.class.path=C:\Users\ryanm\AppData\Local\Programs\IntelliJ IDEA Community Edition\plugins\maven\lib\maven-event-listener.jar -javaagent:C:\Users\ryanm\AppData\Local\Programs\IntelliJ IDEA Community Edition\lib\idea_rt.jar=54524 -Dfile.encoding=UTF-8 
java_command: org.codehaus.classworlds.Launcher -Didea.version=2025.1 package
java_class_path (initial): C:\Users\ryanm\.m2\wrapper\dists\apache-maven-3.9.7-bin\3k9n615lchs6mp84v355m633uo\apache-maven-3.9.7\boot\plexus-classworlds-2.8.0.jar;C:\Users\ryanm\.m2\wrapper\dists\apache-maven-3.9.7-bin\3k9n615lchs6mp84v355m633uo\apache-maven-3.9.7\boot\plexus-classworlds.license
Launcher Type: SUN_STANDARD

[Global flags]
     intx CICompilerCount                          = 4                                         {product} {ergonomic}
     uint ConcGCThreads                            = 3                                         {product} {ergonomic}
     uint G1ConcRefinementThreads                  = 10                                        {product} {ergonomic}
   size_t G1HeapRegionSize                         = 2097152                                   {product} {ergonomic}
    uintx GCDrainStackTargetSize                   = 64                                        {product} {ergonomic}
   size_t InitialHeapSize                          = 264241152                                 {product} {ergonomic}
   size_t MarkStackSize                            = 4194304                                   {product} {ergonomic}
   size_t MaxHeapSize                              = 4213178368                                {product} {ergonomic}
   size_t MaxNewSize                               = 2527068160                                {product} {ergonomic}
   size_t MinHeapDeltaBytes                        = 2097152                                   {product} {ergonomic}
   size_t MinHeapSize                              = 8388608                                   {product} {ergonomic}
    uintx NonNMethodCodeHeapSize                   = 5839372                                {pd product} {ergonomic}
    uintx NonProfiledCodeHeapSize                  = 122909434                              {pd product} {ergonomic}
    uintx ProfiledCodeHeapSize                     = 122909434                              {pd product} {ergonomic}
    uintx ReservedCodeCacheSize                    = 251658240                              {pd product} {ergonomic}
     bool SegmentedCodeCache                       = true                                      {product} {ergonomic}
   size_t SoftMaxHeapSize                          = 4213178368                             {manageable} {ergonomic}
     bool UseCompressedClassPointers               = true                           {product lp64_product} {ergonomic}
     bool UseCompressedOops                        = true                           {product lp64_product} {ergonomic}
     bool UseG1GC                                  = true                                      {product} {ergonomic}
     bool UseLargePagesIndividualAllocation        = false                                  {pd product} {ergonomic}

Logging:
Log output configuration:
 #0: stdout all=warning uptime,level,tags
 #1: stderr all=off uptime,level,tags

Environment Variables:
PATH=C:\Program Files (x86)\Common Files\Oracle\Java\java8path;C:\Program Files (x86)\Common Files\Oracle\Java\javapath;C:\Program Files (x86)\NVIDIA Corporation\PhysX\Common;C:\Windows\system32;C:\Windows;C:\Windows\System32\Wbem;C:\Windows\System32\WindowsPowerShell\v1.0\;C:\Windows\System32\OpenSSH\;C:\Program Files\dotnet\;C:\Program Files\terraform_1.11.3_windows_386;C:\Program Files\Docker\Docker\resources\bin;C:\Program Files\Git\cmd;C:\Program Files\Amazon\AWSCLIV2\;C:\Program Files\nodejs\;C:\Users\ryanm\AppData\Local\Microsoft\WindowsApps;C:\Users\ryanm\AppData\Local\Programs\Git\cmd;C:\Users\ryanm\AppData\Local\Programs\Microsoft VS Code\bin;C:\Users\ryanm\AppData\Local\JetBrains\Toolbox\scripts;C:\Users\ryanm\AppData\Roaming\npm
USERNAME=ryanm
OS=Windows_NT
PROCESSOR_IDENTIFIER=Intel64 Family 6 Model 154 Stepping 4, GenuineIntel
TMP=C:\Users\ryanm\AppData\Local\Temp
TEMP=C:\Users\ryanm\AppData\Local\Temp



Periodic native trim disabled


---------------  S Y S T E M  ---------------

OS:
 Windows 11 , 64 bit Build 26100 (10.0.26100.3912)
OS uptime: 2 days 9:02 hours
Hyper-V role detected

CPU: total 12 (initial active 12) (6 cores per cpu, 2 threads per core) family 6 model 154 stepping 4 microcode 0x435, cx8, cmov, fxsr, ht, mmx, 3dnowpref, sse, sse2, sse3, ssse3, sse4.1, sse4.2, popcnt, lzcnt, tsc, tscinvbit, avx, avx2, aes, erms, clmul, bmi1, bmi2, adx, sha, fma, vzeroupper, clflush, clflushopt, clwb, hv
Processor Information for the first 12 processors :
  Max Mhz: 1300, Current Mhz: 1300, Mhz Limit: 1300

Memory: 4k page, system-wide physical 16068M (513M free)
TotalPageFile size 24494M (AvailPageFile size 1M)
current process WorkingSet (physical memory assigned to process): 255M, peak: 255M
current process commit charge ("private bytes"): 387M, peak: 397M

vm_info: OpenJDK 64-Bit Server VM (17.0.15+6-LTS) for windows-amd64 JRE (17.0.15+6-LTS), built on Apr  9 2025 22:27:25 by "MicrosoftCorporation" with unknown MS VC++:1939

END.
